{
  "inicioSessao": "2025-07-01T19:53:26.231Z",
  "usuario": {
    "id": "685da7e5eb630432f26b0564",
    "matricula": "ADM0001",
    "nome": "Administrador",
    "perfil": "administrador"
  },
  "informacaoSistema": {
    "ip": "::1",
    "sistemaOperacional": "Desconhecido",
    "navegador": "Desconhecido",
    "userAgent": "PostmanRuntime/7.44.0"
  },
  "eventos": [
    {
      "timestamp": "2025-07-01T19:53:26.232Z",
      "tipo": "LOGIN",
      "ip": "::1",
      "userAgent": "PostmanRuntime/7.44.0",
      "sistemaOperacional": "Desconhecido",
      "navegador": "Desconhecido",
      "metodo": "POST",
      "rota": "/auth/login",
      "dados": {
        "tipo": "login_sucesso",
        "matricula": "ADM0001"
      }
    },
    {
      "timestamp": "2025-07-01T19:53:36.692Z",
      "tipo": "CONSULTA_PRODUTOS",
      "ip": "::1",
      "userAgent": "PostmanRuntime/7.44.0",
      "sistemaOperacional": "Desconhecido",
      "navegador": "Desconhecido",
      "metodo": "GET",
      "rota": "/api/produtos/",
      "dados": {
        "metodo": "GET",
        "rota": "/api/produtos/",
        "params": {},
        "query": {}
      }
    },
    {
      "timestamp": "2025-07-01T19:54:31.984Z",
      "tipo": "BUSCA_PRODUTOS",
      "ip": "::1",
      "userAgent": "PostmanRuntime/7.44.0",
      "sistemaOperacional": "Desconhecido",
      "navegador": "Desconhecido",
      "metodo": "GET",
      "rota": "/api/produtos/busca?nome=pizza",
      "dados": {
        "metodo": "GET",
        "rota": "/api/produtos/busca?nome=pizza",
        "params": {},
        "query": {
          "nome": "pizza"
        }
      }
    },
    {
      "timestamp": "2025-07-01T19:54:37.980Z",
      "tipo": "BUSCA_PRODUTOS",
      "ip": "::1",
      "userAgent": "PostmanRuntime/7.44.0",
      "sistemaOperacional": "Desconhecido",
      "navegador": "Desconhecido",
      "metodo": "GET",
      "rota": "/api/produtos/busca?nome=piz",
      "dados": {
        "metodo": "GET",
        "rota": "/api/produtos/busca?nome=piz",
        "params": {},
        "query": {
          "nome": "piz"
        }
      }
    }
  ]
}