{
  "inicioSessao": "2025-06-26T19:23:09.914Z",
  "usuario": {
    "id": "685d9df7cea29658a6186708",
    "matricula": "ADM1350",
    "nome": "Ruan Lopes",
    "perfil": "administrador"
  },
  "informacaoSistema": {
    "ip": "::1",
    "sistemaOperacional": "Desconhecido",
    "navegador": "Desconhecido",
    "userAgent": "PostmanRuntime/7.44.0"
  },
  "eventos": [
    {
      "timestamp": "2025-06-26T19:23:09.914Z",
      "tipo": "LOGIN",
      "ip": "::1",
      "userAgent": "PostmanRuntime/7.44.0",
      "sistemaOperacional": "Desconhecido",
      "navegador": "Desconhecido",
      "metodo": "POST",
      "rota": "/auth/login",
      "dados": {
        "tipo": "login_sucesso",
        "matricula": "ADM1350"
      }
    },
    {
      "timestamp": "2025-06-26T19:24:46.401Z",
      "tipo": "CONSULTA_USUARIOS",
      "ip": "::1",
      "userAgent": "PostmanRuntime/7.44.0",
      "sistemaOperacional": "Desconhecido",
      "navegador": "Desconhecido",
      "metodo": "GET",
      "rota": "/api/usuarios/?matricula=ADM0001",
      "dados": {
        "metodo": "GET",
        "rota": "/api/usuarios/?matricula=ADM0001",
        "params": {},
        "query": {
          "matricula": "ADM0001"
        }
      }
    },
    {
      "timestamp": "2025-06-26T19:25:01.926Z",
      "tipo": "CONSULTA_FORNECEDORES",
      "ip": "::1",
      "userAgent": "PostmanRuntime/7.44.0",
      "sistemaOperacional": "Desconhecido",
      "navegador": "Desconhecido",
      "metodo": "GET",
      "rota": "/api/fornecedores?cnpj=98765432109876",
      "dados": {
        "metodo": "GET",
        "rota": "/api/fornecedores?cnpj=98765432109876",
        "params": {},
        "query": {
          "cnpj": "98765432109876"
        }
      }
    },
    {
      "timestamp": "2025-06-26T19:25:11.014Z",
      "tipo": "CONSULTA_FORNECEDORES",
      "ip": "::1",
      "userAgent": "PostmanRuntime/7.44.0",
      "sistemaOperacional": "Desconhecido",
      "navegador": "Desconhecido",
      "metodo": "GET",
      "rota": "/api/fornecedores",
      "dados": {
        "metodo": "GET",
        "rota": "/api/fornecedores",
        "params": {},
        "query": {}
      }
    },
    {
      "timestamp": "2025-06-26T19:25:33.136Z",
      "tipo": "CONSULTA_MOVIMENTACAO",
      "ip": "::1",
      "userAgent": "PostmanRuntime/7.44.0",
      "sistemaOperacional": "Desconhecido",
      "navegador": "Desconhecido",
      "metodo": "GET",
      "rota": "/api/movimentacoes/68521e69a614fd0c4a743dd4",
      "dados": {
        "metodo": "GET",
        "rota": "/api/movimentacoes/68521e69a614fd0c4a743dd4",
        "params": {
          "id": "68521e69a614fd0c4a743dd4"
        },
        "query": {}
      }
    },
    {
      "timestamp": "2025-06-26T19:25:42.263Z",
      "tipo": "CONSULTA_MOVIMENTACOES",
      "ip": "::1",
      "userAgent": "PostmanRuntime/7.44.0",
      "sistemaOperacional": "Desconhecido",
      "navegador": "Desconhecido",
      "metodo": "GET",
      "rota": "/api/movimentacoes/",
      "dados": {
        "metodo": "GET",
        "rota": "/api/movimentacoes/",
        "params": {},
        "query": {}
      }
    },
    {
      "timestamp": "2025-06-26T19:25:51.326Z",
      "tipo": "CONSULTA_MOVIMENTACOES",
      "ip": "::1",
      "userAgent": "PostmanRuntime/7.44.0",
      "sistemaOperacional": "Desconhecido",
      "navegador": "Desconhecido",
      "metodo": "GET",
      "rota": "/api/movimentacoes/",
      "dados": {
        "metodo": "GET",
        "rota": "/api/movimentacoes/",
        "params": {},
        "query": {}
      }
    },
    {
      "timestamp": "2025-06-26T19:26:02.842Z",
      "tipo": "CONSULTA_MOVIMENTACOES",
      "ip": "::1",
      "userAgent": "PostmanRuntime/7.44.0",
      "sistemaOperacional": "Desconhecido",
      "navegador": "Desconhecido",
      "metodo": "GET",
      "rota": "/api/movimentacoes/",
      "dados": {
        "metodo": "GET",
        "rota": "/api/movimentacoes/",
        "params": {},
        "query": {}
      }
    }
  ]
}