{
  "inicioSessao": "2025-06-26T20:24:15.056Z",
  "usuario": {
    "id": "685daaa781b6bccbd24b2786",
    "matricula": "ADM1350",
    "nome": "Ruan Lopes",
    "perfil": "administrador"
  },
  "informacaoSistema": {
    "ip": "::1",
    "sistemaOperacional": "Desconhecido",
    "navegador": "Desconhecido",
    "userAgent": "PostmanRuntime/7.44.0"
  },
  "eventos": [
    {
      "timestamp": "2025-06-26T20:24:15.056Z",
      "tipo": "LOGIN",
      "ip": "::1",
      "userAgent": "PostmanRuntime/7.44.0",
      "sistemaOperacional": "Desconhecido",
      "navegador": "Desconhecido",
      "metodo": "POST",
      "rota": "/auth/login",
      "dados": {
        "tipo": "login_sucesso",
        "matricula": "ADM1350"
      }
    },
    {
      "timestamp": "2025-06-26T20:24:34.670Z",
      "tipo": "CONSULTA_PRODUTOS",
      "ip": "::1",
      "userAgent": "PostmanRuntime/7.44.0",
      "sistemaOperacional": "Desconhecido",
      "navegador": "Desconhecido",
      "metodo": "GET",
      "rota": "/api/produtos/",
      "dados": {
        "metodo": "GET",
        "rota": "/api/produtos/",
        "params": {},
        "query": {}
      }
    },
    {
      "timestamp": "2025-06-26T20:24:45.740Z",
      "tipo": "CONSULTA_USUARIOS",
      "ip": "::1",
      "userAgent": "PostmanRuntime/7.44.0",
      "sistemaOperacional": "Desconhecido",
      "navegador": "Desconhecido",
      "metodo": "GET",
      "rota": "/api/usuarios",
      "dados": {
        "metodo": "GET",
        "rota": "/api/usuarios",
        "params": {},
        "query": {}
      }
    }
  ]
}