{
  "inicioSessao": "2025-06-18T20:41:42.845Z",
  "usuario": {
    "id": "6851bd8cc5eca0ef86d79522",
    "matricula": "ADM1350",
    "nome": "Ruan Lopes",
    "perfil": "administrador"
  },
  "informacaoSistema": {
    "ip": "::ffff:127.0.0.1",
    "sistemaOperacional": "Desconhecido",
    "navegador": "Desconhecido",
    "userAgent": "Thunder Client (https://www.thunderclient.com)"
  },
  "eventos": [
    {
      "timestamp": "2025-06-18T20:41:42.847Z",
      "tipo": "LOGIN",
      "ip": "::ffff:127.0.0.1",
      "userAgent": "Thunder Client (https://www.thunderclient.com)",
      "sistemaOperacional": "Desconhecido",
      "navegador": "Desconhecido",
      "metodo": "POST",
      "rota": "/auth/login",
      "dados": {
        "tipo": "login_sucesso",
        "matricula": "ADM1350"
      }
    },
    {
      "timestamp": "2025-06-18T20:42:10.478Z",
      "tipo": "LOGOUT",
      "dados": {
        "tipo": "manual"
      }
    }
  ],
  "fimSessao": "2025-06-18T20:42:10.479Z",
  "duracaoSessao": 28
}