{
  "inicioSessao": "2025-06-26T01:51:11.608Z",
  "usuario": {
    "id": "6851bd8cc5eca0ef86d79522",
    "matricula": "ADM1350",
    "nome": "Ruan Lopes",
    "perfil": "administrador"
  },
  "informacaoSistema": {
    "ip": "::ffff:127.0.0.1",
    "sistemaOperacional": "Linux",
    "navegador": "Firefox",
    "userAgent": "Mozilla/5.0 (X11; Ubuntu; Linux x86_64; rv:139.0) Gecko/20100101 Firefox/139.0"
  },
  "eventos": [
    {
      "timestamp": "2025-06-26T01:51:11.609Z",
      "tipo": "LOGIN",
      "ip": "::ffff:127.0.0.1",
      "userAgent": "Mozilla/5.0 (X11; Ubuntu; Linux x86_64; rv:139.0) Gecko/20100101 Firefox/139.0",
      "sistemaOperacional": "Linux",
      "navegador": "Firefox",
      "metodo": "POST",
      "rota": "/auth/login",
      "dados": {
        "tipo": "login_sucesso",
        "matricula": "ADM1350"
      }
    },
    {
      "timestamp": "2025-06-26T01:51:31.734Z",
      "tipo": "CONSULTA_PRODUTOS",
      "ip": "::ffff:127.0.0.1",
      "userAgent": "Mozilla/5.0 (X11; Ubuntu; Linux x86_64; rv:139.0) Gecko/20100101 Firefox/139.0",
      "sistemaOperacional": "Linux",
      "navegador": "Firefox",
      "metodo": "GET",
      "rota": "/api/produtos?page=1&limit=10&categoria=Freios&ativo=true&nome=freio",
      "dados": {
        "metodo": "GET",
        "rota": "/api/produtos?page=1&limit=10&categoria=Freios&ativo=true&nome=freio",
        "params": {},
        "query": {
          "page": "1",
          "limit": "10",
          "categoria": "Freios",
          "ativo": "true",
          "nome": "freio"
        }
      }
    },
    {
      "timestamp": "2025-06-26T01:51:39.446Z",
      "tipo": "CONSULTA_PRODUTOS",
      "ip": "::ffff:127.0.0.1",
      "userAgent": "Mozilla/5.0 (X11; Ubuntu; Linux x86_64; rv:139.0) Gecko/20100101 Firefox/139.0",
      "sistemaOperacional": "Linux",
      "navegador": "Firefox",
      "metodo": "GET",
      "rota": "/api/produtos?page=1&limit=10&categoria=Freios&ativo=true&nome=metal",
      "dados": {
        "metodo": "GET",
        "rota": "/api/produtos?page=1&limit=10&categoria=Freios&ativo=true&nome=metal",
        "params": {},
        "query": {
          "page": "1",
          "limit": "10",
          "categoria": "Freios",
          "ativo": "true",
          "nome": "metal"
        }
      }
    },
    {
      "timestamp": "2025-06-26T01:51:46.823Z",
      "tipo": "CONSULTA_PRODUTOS",
      "ip": "::ffff:127.0.0.1",
      "userAgent": "Mozilla/5.0 (X11; Ubuntu; Linux x86_64; rv:139.0) Gecko/20100101 Firefox/139.0",
      "sistemaOperacional": "Linux",
      "navegador": "Firefox",
      "metodo": "GET",
      "rota": "/api/produtos?page=1&limit=10&categoria=Freios&ativo=true&nome=%C3%B3leo",
      "dados": {
        "metodo": "GET",
        "rota": "/api/produtos?page=1&limit=10&categoria=Freios&ativo=true&nome=%C3%B3leo",
        "params": {},
        "query": {
          "page": "1",
          "limit": "10",
          "categoria": "Freios",
          "ativo": "true",
          "nome": "óleo"
        }
      }
    },
    {
      "timestamp": "2025-06-26T01:51:54.637Z",
      "tipo": "CONSULTA_PRODUTOS",
      "ip": "::ffff:127.0.0.1",
      "userAgent": "Mozilla/5.0 (X11; Ubuntu; Linux x86_64; rv:139.0) Gecko/20100101 Firefox/139.0",
      "sistemaOperacional": "Linux",
      "navegador": "Firefox",
      "metodo": "GET",
      "rota": "/api/produtos?page=1&limit=10&categoria=Freios&ativo=true&nome=au",
      "dados": {
        "metodo": "GET",
        "rota": "/api/produtos?page=1&limit=10&categoria=Freios&ativo=true&nome=au",
        "params": {},
        "query": {
          "page": "1",
          "limit": "10",
          "categoria": "Freios",
          "ativo": "true",
          "nome": "au"
        }
      }
    }
  ]
}