{
  "inicioSessao": "2025-06-23T21:27:57.178Z",
  "usuario": {
    "id": "684ccefad28f571293d09f49",
    "matricula": "ADM0001",
    "nome": "Administrador",
    "perfil": "administrador"
  },
  "informacaoSistema": {
    "ip": "::1",
    "sistemaOperacional": "Desconhecido",
    "navegador": "Desconhecido",
    "userAgent": "PostmanRuntime/7.44.1"
  },
  "eventos": [
    {
      "timestamp": "2025-06-23T21:27:57.180Z",
      "tipo": "LOGIN",
      "ip": "::1",
      "userAgent": "PostmanRuntime/7.44.1",
      "sistemaOperacional": "Desconhecido",
      "navegador": "Desconhecido",
      "metodo": "POST",
      "rota": "/auth/login",
      "dados": {
        "tipo": "login_sucesso",
        "matricula": "ADM0001"
      }
    },
    {
      "timestamp": "2025-06-23T21:28:13.898Z",
      "tipo": "DESATIVACAO_USUARIO",
      "ip": "::1",
      "userAgent": "PostmanRuntime/7.44.1",
      "sistemaOperacional": "Desconhecido",
      "navegador": "Desconhecido",
      "metodo": "PATCH",
      "rota": "/api/usuarios/desativar/TEST001",
      "dados": {
        "metodo": "PATCH",
        "rota": "/api/usuarios/desativar/TEST001",
        "params": {
          "matricula": "TEST001"
        },
        "query": {}
      }
    }
  ]
}