{
  "inicioSessao": "2025-06-26T00:32:26.348Z",
  "usuario": {
    "id": "684ccefad28f571293d09f49",
    "matricula": "ADM0001",
    "nome": "Administrador",
    "perfil": "administrador"
  },
  "informacaoSistema": {
    "ip": "::1",
    "sistemaOperacional": "Desconhecido",
    "navegador": "Desconhecido",
    "userAgent": "PostmanRuntime/7.44.0"
  },
  "eventos": [
    {
      "timestamp": "2025-06-26T00:32:26.348Z",
      "tipo": "LOGIN",
      "ip": "::1",
      "userAgent": "PostmanRuntime/7.44.0",
      "sistemaOperacional": "Desconhecido",
      "navegador": "Desconhecido",
      "metodo": "POST",
      "rota": "/auth/login",
      "dados": {
        "tipo": "login_sucesso",
        "matricula": "ADM0001"
      }
    },
    {
      "timestamp": "2025-06-26T00:32:38.455Z",
      "tipo": "CONSULTA_PRODUTOS",
      "ip": "::1",
      "userAgent": "PostmanRuntime/7.44.0",
      "sistemaOperacional": "Desconhecido",
      "navegador": "Desconhecido",
      "metodo": "GET",
      "rota": "/api/produtos/",
      "dados": {
        "metodo": "GET",
        "rota": "/api/produtos/",
        "params": {},
        "query": {}
      }
    },
    {
      "timestamp": "2025-06-26T00:33:38.362Z",
      "tipo": "CONSULTA_FORNECEDORES",
      "ip": "::1",
      "userAgent": "PostmanRuntime/7.44.0",
      "sistemaOperacional": "Desconhecido",
      "navegador": "Desconhecido",
      "metodo": "GET",
      "rota": "/api/fornecedores",
      "dados": {
        "metodo": "GET",
        "rota": "/api/fornecedores",
        "params": {},
        "query": {}
      }
    }
  ]
}