{
  "inicioSessao": "2025-06-25T23:57:36.709Z",
  "usuario": {
    "id": "684ccefad28f571293d09f49",
    "matricula": "ADM0001",
    "nome": "Administrador",
    "perfil": "administrador"
  },
  "informacaoSistema": {
    "ip": "::1",
    "sistemaOperacional": "Desconhecido",
    "navegador": "Desconhecido",
    "userAgent": "PostmanRuntime/7.44.0"
  },
  "eventos": [
    {
      "timestamp": "2025-06-25T23:57:36.710Z",
      "tipo": "LOGIN",
      "ip": "::1",
      "userAgent": "PostmanRuntime/7.44.0",
      "sistemaOperacional": "Desconhecido",
      "navegador": "Desconhecido",
      "metodo": "POST",
      "rota": "/auth/login",
      "dados": {
        "tipo": "login_sucesso",
        "matricula": "ADM0001"
      }
    },
    {
      "timestamp": "2025-06-25T23:58:01.713Z",
      "tipo": "CONSULTA_USUARIOS",
      "ip": "::1",
      "userAgent": "PostmanRuntime/7.44.0",
      "sistemaOperacional": "Desconhecido",
      "navegador": "Desconhecido",
      "metodo": "GET",
      "rota": "/api/usuarios",
      "dados": {
        "metodo": "GET",
        "rota": "/api/usuarios",
        "params": {},
        "query": {}
      }
    },
    {
      "timestamp": "2025-06-25T23:58:25.419Z",
      "tipo": "REATIVACAO_USUARIO",
      "ip": "::1",
      "userAgent": "PostmanRuntime/7.44.0",
      "sistemaOperacional": "Desconhecido",
      "navegador": "Desconhecido",
      "metodo": "PATCH",
      "rota": "/api/usuarios/reativar/68520a4d202aaee94d0edd04",
      "dados": {
        "metodo": "PATCH",
        "rota": "/api/usuarios/reativar/68520a4d202aaee94d0edd04",
        "params": {
          "id": "68520a4d202aaee94d0edd04"
        },
        "query": {}
      }
    }
  ]
}