{
  "inicioSessao": "2025-06-18T19:36:15.584Z",
  "usuario": {
    "id": "684ccefad28f571293d09f49",
    "matricula": "ADM0001",
    "nome": "Administrador",
    "perfil": "administrador"
  },
  "informacaoSistema": {
    "ip": "::1",
    "sistemaOperacional": "Desconhecido",
    "navegador": "Desconhecido",
    "userAgent": "PostmanRuntime/7.44.0"
  },
  "eventos": [
    {
      "timestamp": "2025-06-18T19:36:15.584Z",
      "tipo": "LOGIN",
      "ip": "::1",
      "userAgent": "PostmanRuntime/7.44.0",
      "sistemaOperacional": "Desconhecido",
      "navegador": "Desconhecido",
      "metodo": "POST",
      "rota": "/auth/login",
      "dados": {
        "tipo": "login_sucesso",
        "matricula": "ADM0001"
      }
    },
    {
      "timestamp": "2025-06-18T19:36:54.830Z",
      "tipo": "CONSULTA_PRODUTOS",
      "ip": "::1",
      "userAgent": "PostmanRuntime/7.44.0",
      "sistemaOperacional": "Desconhecido",
      "navegador": "Desconhecido",
      "metodo": "GET",
      "rota": "/api/produtos/",
      "dados": {
        "metodo": "GET",
        "rota": "/api/produtos/",
        "params": {},
        "query": {}
      }
    },
    {
      "timestamp": "2025-06-18T19:36:59.499Z",
      "tipo": "CONSULTA_USUARIOS",
      "ip": "::1",
      "userAgent": "PostmanRuntime/7.44.0",
      "sistemaOperacional": "Desconhecido",
      "navegador": "Desconhecido",
      "metodo": "GET",
      "rota": "/api/usuarios",
      "dados": {
        "metodo": "GET",
        "rota": "/api/usuarios",
        "params": {},
        "query": {}
      }
    },
    {
      "timestamp": "2025-06-18T19:37:18.963Z",
      "tipo": "CONSULTA_USUARIOS",
      "ip": "::1",
      "userAgent": "PostmanRuntime/7.44.0",
      "sistemaOperacional": "Desconhecido",
      "navegador": "Desconhecido",
      "metodo": "GET",
      "rota": "/api/usuarios/?nome_usuario=Ruan",
      "dados": {
        "metodo": "GET",
        "rota": "/api/usuarios/?nome_usuario=Ruan",
        "params": {},
        "query": {
          "nome_usuario": "Ruan"
        }
      }
    },
    {
      "timestamp": "2025-06-18T19:38:17.306Z",
      "tipo": "CONSULTA_FORNECEDORES",
      "ip": "::1",
      "userAgent": "PostmanRuntime/7.44.0",
      "sistemaOperacional": "Desconhecido",
      "navegador": "Desconhecido",
      "metodo": "GET",
      "rota": "/api/fornecedores",
      "dados": {
        "metodo": "GET",
        "rota": "/api/fornecedores",
        "params": {},
        "query": {}
      }
    },
    {
      "timestamp": "2025-06-18T19:38:29.545Z",
      "tipo": "CONSULTA_FORNECEDORES",
      "ip": "::1",
      "userAgent": "PostmanRuntime/7.44.0",
      "sistemaOperacional": "Desconhecido",
      "navegador": "Desconhecido",
      "metodo": "GET",
      "rota": "/api/fornecedores?nome_fornecedor=Silva",
      "dados": {
        "metodo": "GET",
        "rota": "/api/fornecedores?nome_fornecedor=Silva",
        "params": {},
        "query": {
          "nome_fornecedor": "Silva"
        }
      }
    },
    {
      "timestamp": "2025-06-18T19:42:14.006Z",
      "tipo": "CONSULTA_USUARIOS",
      "ip": "::1",
      "userAgent": "PostmanRuntime/7.44.0",
      "sistemaOperacional": "Desconhecido",
      "navegador": "Desconhecido",
      "metodo": "GET",
      "rota": "/api/usuarios/?matricula=ADM",
      "dados": {
        "metodo": "GET",
        "rota": "/api/usuarios/?matricula=ADM",
        "params": {},
        "query": {
          "matricula": "ADM"
        }
      }
    },
    {
      "timestamp": "2025-06-18T19:42:29.504Z",
      "tipo": "CONSULTA_USUARIOS",
      "ip": "::1",
      "userAgent": "PostmanRuntime/7.44.0",
      "sistemaOperacional": "Desconhecido",
      "navegador": "Desconhecido",
      "metodo": "GET",
      "rota": "/api/usuarios/?matricula=Henri",
      "dados": {
        "metodo": "GET",
        "rota": "/api/usuarios/?matricula=Henri",
        "params": {},
        "query": {
          "matricula": "Henri"
        }
      }
    },
    {
      "timestamp": "2025-06-18T19:42:41.959Z",
      "tipo": "CONSULTA_USUARIOS",
      "ip": "::1",
      "userAgent": "PostmanRuntime/7.44.0",
      "sistemaOperacional": "Desconhecido",
      "navegador": "Desconhecido",
      "metodo": "GET",
      "rota": "/api/usuarios/?matricula=Henrique",
      "dados": {
        "metodo": "GET",
        "rota": "/api/usuarios/?matricula=Henrique",
        "params": {},
        "query": {
          "matricula": "Henrique"
        }
      }
    },
    {
      "timestamp": "2025-06-18T19:42:51.129Z",
      "tipo": "CONSULTA_USUARIOS",
      "ip": "::1",
      "userAgent": "PostmanRuntime/7.44.0",
      "sistemaOperacional": "Desconhecido",
      "navegador": "Desconhecido",
      "metodo": "GET",
      "rota": "/api/usuarios/?nome_usuario=Henri",
      "dados": {
        "metodo": "GET",
        "rota": "/api/usuarios/?nome_usuario=Henri",
        "params": {},
        "query": {
          "nome_usuario": "Henri"
        }
      }
    }
  ]
}