{
  "inicioSessao": "2025-06-25T18:21:46.738Z",
  "usuario": {
    "id": "684ccefad28f571293d09f49",
    "matricula": "ADM0001",
    "nome": "Administrador",
    "perfil": "administrador"
  },
  "informacaoSistema": {
    "ip": "::1",
    "sistemaOperacional": "Desconhecido",
    "navegador": "Desconhecido",
    "userAgent": "PostmanRuntime/7.44.0"
  },
  "eventos": [
    {
      "timestamp": "2025-06-25T18:21:46.741Z",
      "tipo": "LOGIN",
      "ip": "::1",
      "userAgent": "PostmanRuntime/7.44.0",
      "sistemaOperacional": "Desconhecido",
      "navegador": "Desconhecido",
      "metodo": "POST",
      "rota": "/auth/login",
      "dados": {
        "tipo": "login_sucesso",
        "matricula": "ADM0001"
      }
    },
    {
      "timestamp": "2025-06-25T18:22:04.930Z",
      "tipo": "CONSULTA_MOVIMENTACOES",
      "ip": "::1",
      "userAgent": "PostmanRuntime/7.44.0",
      "sistemaOperacional": "Desconhecido",
      "navegador": "Desconhecido",
      "metodo": "GET",
      "rota": "/api/movimentacoes/",
      "dados": {
        "metodo": "GET",
        "rota": "/api/movimentacoes/",
        "params": {},
        "query": {}
      }
    },
    {
      "timestamp": "2025-06-25T18:26:16.375Z",
      "tipo": "CONSULTA_MOVIMENTACAO",
      "ip": "::1",
      "userAgent": "PostmanRuntime/7.44.0",
      "sistemaOperacional": "Desconhecido",
      "navegador": "Desconhecido",
      "metodo": "GET",
      "rota": "/api/movimentacoes/685b49c2018f1048e104d7d6",
      "dados": {
        "metodo": "GET",
        "rota": "/api/movimentacoes/685b49c2018f1048e104d7d6",
        "params": {
          "id": "685b49c2018f1048e104d7d6"
        },
        "query": {}
      }
    }
  ]
}