{
  "inicioSessao": "2025-06-23T18:50:41.279Z",
  "usuario": {
    "id": "684ccefad28f571293d09f49",
    "matricula": "ADM0001",
    "nome": "Administrador",
    "perfil": "administrador"
  },
  "informacaoSistema": {
    "ip": "::1",
    "sistemaOperacional": "Desconhecido",
    "navegador": "Desconhecido",
    "userAgent": "PostmanRuntime/7.44.1"
  },
  "eventos": [
    {
      "timestamp": "2025-06-23T18:50:41.283Z",
      "tipo": "LOGIN",
      "ip": "::1",
      "userAgent": "PostmanRuntime/7.44.1",
      "sistemaOperacional": "Desconhecido",
      "navegador": "Desconhecido",
      "metodo": "POST",
      "rota": "/auth/login",
      "dados": {
        "tipo": "login_sucesso",
        "matricula": "ADM0001"
      }
    },
    {
      "timestamp": "2025-06-23T18:51:11.321Z",
      "tipo": "CONSULTA_PRODUTOS",
      "ip": "::1",
      "userAgent": "PostmanRuntime/7.44.1",
      "sistemaOperacional": "Desconhecido",
      "navegador": "Desconhecido",
      "metodo": "GET",
      "rota": "/api/produtos",
      "dados": {
        "metodo": "GET",
        "rota": "/api/produtos",
        "params": {},
        "query": {}
      }
    },
    {
      "timestamp": "2025-06-23T18:52:27.597Z",
      "tipo": "DESATIVACAO_PRODUTO",
      "ip": "::1",
      "userAgent": "PostmanRuntime/7.44.1",
      "sistemaOperacional": "Desconhecido",
      "navegador": "Desconhecido",
      "metodo": "PATCH",
      "rota": "/api/produtos/desativar/684ccefbd28f571293d0a0bd",
      "dados": {
        "metodo": "PATCH",
        "rota": "/api/produtos/desativar/684ccefbd28f571293d0a0bd",
        "params": {
          "id": "684ccefbd28f571293d0a0bd"
        },
        "query": {}
      }
    },
    {
      "timestamp": "2025-06-23T18:52:42.631Z",
      "tipo": "ATUALIZACAO_PRODUTO",
      "ip": "::1",
      "userAgent": "PostmanRuntime/7.44.1",
      "sistemaOperacional": "Desconhecido",
      "navegador": "Desconhecido",
      "metodo": "PATCH",
      "rota": "/api/produtos/684ccefbd28f571293d0a0bd",
      "dados": {
        "metodo": "PATCH",
        "rota": "/api/produtos/684ccefbd28f571293d0a0bd",
        "params": {
          "id": "684ccefbd28f571293d0a0bd"
        },
        "query": {}
      }
    },
    {
      "timestamp": "2025-06-23T18:52:49.315Z",
      "tipo": "CONSULTA_PRODUTO",
      "ip": "::1",
      "userAgent": "PostmanRuntime/7.44.1",
      "sistemaOperacional": "Desconhecido",
      "navegador": "Desconhecido",
      "metodo": "GET",
      "rota": "/api/produtos/684ccefbd28f571293d0a0bd",
      "dados": {
        "metodo": "GET",
        "rota": "/api/produtos/684ccefbd28f571293d0a0bd",
        "params": {
          "id": "684ccefbd28f571293d0a0bd"
        },
        "query": {}
      }
    }
  ]
}