{
  "inicioSessao": "2025-06-26T19:20:57.242Z",
  "usuario": {
    "id": "685d9d8512dd5f01bf588b90",
    "matricula": "ADM0001",
    "nome": "Administrador",
    "perfil": "administrador"
  },
  "informacaoSistema": {
    "ip": "::1",
    "sistemaOperacional": "Desconhecido",
    "navegador": "Desconhecido",
    "userAgent": "PostmanRuntime/7.44.0"
  },
  "eventos": [
    {
      "timestamp": "2025-06-26T19:20:57.243Z",
      "tipo": "LOGIN",
      "ip": "::1",
      "userAgent": "PostmanRuntime/7.44.0",
      "sistemaOperacional": "Desconhecido",
      "navegador": "Desconhecido",
      "metodo": "POST",
      "rota": "/auth/login",
      "dados": {
        "tipo": "login_sucesso",
        "matricula": "ADM0001"
      }
    },
    {
      "timestamp": "2025-06-26T19:21:01.751Z",
      "tipo": "CONSULTA_PRODUTOS",
      "ip": "::1",
      "userAgent": "PostmanRuntime/7.44.0",
      "sistemaOperacional": "Desconhecido",
      "navegador": "Desconhecido",
      "metodo": "GET",
      "rota": "/api/produtos/",
      "dados": {
        "metodo": "GET",
        "rota": "/api/produtos/",
        "params": {},
        "query": {}
      }
    },
    {
      "timestamp": "2025-06-26T19:22:22.422Z",
      "tipo": "CADASTRO_USUARIO",
      "ip": "::1",
      "userAgent": "PostmanRuntime/7.44.0",
      "sistemaOperacional": "Desconhecido",
      "navegador": "Desconhecido",
      "metodo": "POST",
      "rota": "/api/usuarios",
      "dados": {
        "metodo": "POST",
        "rota": "/api/usuarios",
        "params": {},
        "query": {}
      }
    },
    {
      "timestamp": "2025-06-26T19:22:31.368Z",
      "tipo": "CADASTRO_USUARIO",
      "ip": "::1",
      "userAgent": "PostmanRuntime/7.44.0",
      "sistemaOperacional": "Desconhecido",
      "navegador": "Desconhecido",
      "metodo": "POST",
      "rota": "/api/usuarios",
      "dados": {
        "metodo": "POST",
        "rota": "/api/usuarios",
        "params": {},
        "query": {}
      }
    },
    {
      "timestamp": "2025-06-26T19:22:31.536Z",
      "tipo": "USUARIO_CRIADO",
      "ip": "::1",
      "userAgent": "PostmanRuntime/7.44.0",
      "sistemaOperacional": "Desconhecido",
      "navegador": "Desconhecido",
      "metodo": "POST",
      "rota": "/api/usuarios",
      "dados": {
        "usuario_criado": "685d9df7cea29658a6186708",
        "matricula": "ADM1350",
        "perfil": "administrador",
        "criado_por": "ADM0001",
        "prioridade": "CRITICA"
      }
    },
    {
      "timestamp": "2025-06-26T19:22:44.231Z",
      "tipo": "LOGOUT",
      "dados": {
        "tipo": "manual"
      }
    }
  ],
  "fimSessao": "2025-06-26T19:22:44.231Z",
  "duracaoSessao": 107
}